Error running preprocessor, returned code: 1.
\033[1;96mWARNING:\033[0m You should manually provide IDs for your headings:
  &lt;h5 class="heading" data-level="5.4.18.8" id="definitions-object">&lt;span class="content">&lt;a id="definitionsObject">Definitions Object&lt;/a>&lt;/span>&lt;/h5>
  &lt;h5 class="heading" data-level="5.4.11.2" id="patterned-fields">&lt;span class="content">Patterned Fields&lt;/span>&lt;/h5>
  &lt;h6 class="heading" data-level="5.4.18.3.2" id="simple-model">&lt;span class="content">Simple Model&lt;/span>&lt;/h6>
  &lt;h5 class="heading" data-level="5.4.7.1" id="fixed-fields">&lt;span class="content">Fixed Fields&lt;/span>&lt;/h5>
  &lt;h5 class="heading" data-level="5.4.23.3" id="specification-extensions">&lt;span class="content">&lt;a id="vendorExtensions">Specification Extensions&lt;/a>&lt;/span>&lt;/h5>
  &lt;h5 class="heading" data-level="5.4.10.3" id="parameter-object-examples">&lt;span class="content">Parameter Object Examples&lt;/span>&lt;/h5>
  &lt;h5 class="heading" data-level="5.4.3.3" id="info-object-example">&lt;span class="content">Info Object Example:&lt;/span>&lt;/h5>
  &lt;h5 class="heading" data-level="5.4.17.3" id="relative-schema-file-example">&lt;span class="content">Relative Schema File Example&lt;/span>&lt;/h5>
  &lt;h6 class="heading" data-level="5.4.10.3.1" id="body-parameters">&lt;span class="content">Body Parameters&lt;/span>&lt;/h6>
  &lt;h5 class="heading" data-level="5.4.12.2" id="patterned-objects">&lt;span class="content">Patterned Objects&lt;/span>&lt;/h5>
  &lt;h5 class="heading" data-level="5.4.17.1" id="fixed-fields">&lt;span class="content">Fixed Fields&lt;/span>&lt;/h5>
  &lt;h5 class="heading" data-level="5.4.3.2" id="patterned-objects">&lt;span class="content">Patterned Objects&lt;/span>&lt;/h5>
  &lt;h5 class="heading" data-level="5.4.18.2" id="patterned-objects">&lt;span class="content">Patterned Objects&lt;/span>&lt;/h5>
  &lt;h6 class="heading" data-level="5.4.22.3.2" id="api-key-sample">&lt;span class="content">API Key Sample&lt;/span>&lt;/h6>
  &lt;h4 class="heading" data-level="5.4.6" id="paths-object">&lt;span class="content">&lt;a id="pathsObject">Paths Object&lt;/a>&lt;/span>&lt;/h4>
  &lt;h5 class="heading" data-level="5.4.20.2" id="responses-definitions-object-example">&lt;span class="content">Responses Definitions Object Example&lt;/span>&lt;/h5>
  &lt;h4 class="heading" data-level="5.4.22" id="security-scheme-object">&lt;span class="content">&lt;a id="securitySchemeObject">Security Scheme Object&lt;/a>&lt;/span>&lt;/h4>
  &lt;h4 class="heading" data-level="5.4.23" id="security-requirement-object">&lt;span class="content">&lt;a id="securityRequirementObject">Security Requirement Object&lt;/a>&lt;/span>&lt;/h4>
  &lt;h6 class="heading" data-level="5.4.10.3.2" id="other-parameters">&lt;span class="content">Other Parameters&lt;/span>&lt;/h6>
  &lt;h5 class="heading" data-level="5.4.4.2" id="patterned-objects">&lt;span class="content">Patterned Objects&lt;/span>&lt;/h5>
  &lt;h5 class="heading" data-level="5.4.21.1" id="patterned-fields">&lt;span class="content">Patterned Fields&lt;/span>&lt;/h5>
  &lt;h5 class="heading" data-level="5.4.6.1" id="patterned-fields">&lt;span class="content">Patterned Fields&lt;/span>&lt;/h5>
  &lt;h5 class="heading" data-level="5.4.22.1" id="fixed-fields">&lt;span class="content">Fixed Fields&lt;/span>&lt;/h5>
  &lt;h5 class="heading" data-level="5.4.17.4" id="relative-files-with-embedded-schema-example">&lt;span class="content">Relative Files With Embedded Schema Example&lt;/span>&lt;/h5>
  &lt;h5 class="heading" data-level="5.4.18.1" id="fixed-fields">&lt;span class="content">Fixed Fields&lt;/span>&lt;/h5>
  &lt;h5 class="heading" data-level="5.4.17.2" id="reference-object-example">&lt;span class="content">Reference Object Example&lt;/span>&lt;/h5>
  &lt;h5 class="heading" data-level="5.4.13.2" id="headers-object-example">&lt;span class="content">Headers Object Example&lt;/span>&lt;/h5>
  &lt;h4 class="heading" data-level="5.4.20" id="responses-definitions-object">&lt;span class="content">&lt;a id="responsesDefinitionsObject">Responses Definitions Object&lt;/a>&lt;/span>&lt;/h4>
  &lt;h4 class="heading" data-level="5.4.10" id="parameter-object">&lt;span class="content">&lt;a id="parameterObject">Parameter Object&lt;/a>&lt;/span>&lt;/h4>
  &lt;h5 class="heading" data-level="5.4.18.7" id="xml-object-examples">&lt;span class="content">XML Object Examples&lt;/span>&lt;/h5>
  &lt;h5 class="heading" data-level="5.4.23.1" id="patterned-fields">&lt;span class="content">Patterned Fields&lt;/span>&lt;/h5>
  &lt;h2 class="heading" data-level="1" id="-fka-swagger-restful-api-documentation-specification">&lt;span class="content">(fka Swagger RESTful API Documentation Specification)&lt;/span>&lt;/h2>
  &lt;h5 class="heading" data-level="5.4.10.2" id="patterned-fields">&lt;span class="content">Patterned Fields&lt;/span>&lt;/h5>
  &lt;h5 class="heading" data-level="5.4.5.1" id="fixed-fields">&lt;span class="content">Fixed Fields&lt;/span>&lt;/h5>
  &lt;h3 class="heading" data-level="1.1" id="version-20">&lt;span class="content">Version 2.0&lt;/span>&lt;/h3>
  &lt;h5 class="heading" data-level="5.4.10.7" id="items-object-examples">&lt;span class="content">Items Object Examples&lt;/span>&lt;/h5>
  &lt;h6 class="heading" data-level="5.4.18.7.1" id="no-xml-element">&lt;span class="content">No XML Element&lt;/span>&lt;/h6>
  &lt;h5 class="heading" data-level="5.4.3.1" id="fixed-fields">&lt;span class="content">Fixed Fields&lt;/span>&lt;/h5>
  &lt;h5 class="heading" data-level="5.4.2.1" id="patterned-objects">&lt;span class="content">Patterned Objects&lt;/span>&lt;/h5>
  &lt;h4 class="heading" data-level="5.4.9" id="external-documentation-object">&lt;span class="content">&lt;a id="externalDocumentationObject">External Documentation Object&lt;/a>&lt;/span>&lt;/h4>
  &lt;h5 class="heading" data-level="5.4.16.2" id="patterned-fields">&lt;span class="content">Patterned Fields&lt;/span>&lt;/h5>
  &lt;h4 class="heading" data-level="5.4.5" id="license-object">&lt;span class="content">&lt;a id="licenseObject">License Object&lt;/a>&lt;/span>&lt;/h4>
  &lt;h2 class="heading" data-level="2" id="introductions">&lt;span class="content">Introductions&lt;/span>&lt;/h2>
  &lt;h5 class="heading" data-level="5.4.12.3" id="response-object-examples">&lt;span class="content">Response Object Examples&lt;/span>&lt;/h5>
  &lt;h5 class="heading" data-level="5.4.9.1" id="fixed-fields">&lt;span class="content">Fixed Fields&lt;/span>&lt;/h5>
  &lt;h5 class="heading" data-level="5.4.18.10" id="definitions-object-example">&lt;span class="content">Definitions Object Example&lt;/span>&lt;/h5>
  &lt;h5 class="heading" data-level="5.4.8.2" id="patterned-objects">&lt;span class="content">Patterned Objects&lt;/span>&lt;/h5>
  &lt;h4 class="heading" data-level="5.4.14" id="example-object">&lt;span class="content">&lt;a id="exampleObject">Example Object&lt;/a>&lt;/span>&lt;/h4>
  &lt;h4 class="heading" data-level="5.4.13" id="headers-object">&lt;span class="content">&lt;a id="headersObject">Headers Object&lt;/a>&lt;/span>&lt;/h4>
  &lt;h5 class="heading" data-level="5.4.10.4" id="items-object">&lt;span class="content">&lt;a id="itemsObject">Items Object&lt;/a>&lt;/span>&lt;/h5>
  &lt;h2 class="heading" data-level="3" id="revision-history">&lt;span class="content">Revision History&lt;/span>&lt;/h2>
  &lt;h6 class="heading" data-level="5.4.18.2.1" id="composition-and-inheritance-polymorphism">&lt;span class="content">Composition and Inheritance (Polymorphism)&lt;/span>&lt;/h6>
  &lt;h5 class="heading" data-level="5.4.22.4" id="scopes-object">&lt;span class="content">&lt;a id="scopesObject">Scopes Object&lt;/a>&lt;/span>&lt;/h5>
  &lt;h6 class="heading" data-level="5.4.22.3.3" id="implicit-oauth2-sample">&lt;span class="content">Implicit OAuth2 Sample&lt;/span>&lt;/h6>
  &lt;h5 class="heading" data-level="5.4.15.1" id="patterned-objects">&lt;span class="content">Patterned Objects&lt;/span>&lt;/h5>
  &lt;h4 class="heading" data-level="5.4.7" id="path-item-object">&lt;span class="content">&lt;a id="pathItemObject">Path Item Object&lt;/a>&lt;/span>&lt;/h4>
  &lt;h5 class="heading" data-level="5.4.4.3" id="contact-object-example">&lt;span class="content">Contact Object Example:&lt;/span>&lt;/h5>
  &lt;h5 class="heading" data-level="5.4.13.1" id="patterned-fields">&lt;span class="content">Patterned Fields&lt;/span>&lt;/h5>
  &lt;h5 class="heading" data-level="5.4.22.7" id="scopes-object-example">&lt;span class="content">Scopes Object Example&lt;/span>&lt;/h5>
  &lt;h5 class="heading" data-level="5.4.10.6" id="patterned-objects">&lt;span class="content">Patterned Objects&lt;/span>&lt;/h5>
  &lt;h5 class="heading" data-level="5.4.14.1" id="patterned-fields">&lt;span class="content">Patterned Fields&lt;/span>&lt;/h5>
  &lt;h3 class="heading" data-level="5.4" id="schema">&lt;span class="content">Schema&lt;/span>&lt;/h3>
  &lt;h4 class="heading" data-level="5.4.18" id="schema-object">&lt;span class="content">&lt;a id="schemaObject">Schema Object&lt;/a>&lt;/span>&lt;/h4>
  &lt;h4 class="heading" data-level="5.4.1" id="swagger-object">&lt;span class="content">&lt;a id="swaggerObject">Swagger Object&lt;/a>&lt;/span>&lt;/h4>
  &lt;h5 class="heading" data-level="5.4.10.5" id="fixed-fields">&lt;span class="content">Fixed Fields&lt;/span>&lt;/h5>
  &lt;h3 class="heading" data-level="5.1" id="format">&lt;span class="content">Format&lt;/span>&lt;/h3>
  &lt;h4 class="heading" data-level="5.4.8" id="operation-object">&lt;span class="content">&lt;a id="operationObject">Operation Object&lt;/a>&lt;/span>&lt;/h4>
  &lt;h4 class="heading" data-level="5.4.11" id="responses-object">&lt;span class="content">&lt;a id="responsesObject">Responses Object&lt;/a>&lt;/span>&lt;/h4>
  &lt;h5 class="heading" data-level="5.4.18.4" id="xml-object">&lt;span class="content">&lt;a id="xmlObject">XML Object&lt;/a>&lt;/span>&lt;/h5>
  &lt;h4 class="heading" data-level="5.4.2" id="fixed-fields">&lt;span class="content">Fixed Fields&lt;/span>&lt;/h4>
  &lt;h5 class="heading" data-level="5.4.11.3" id="responses-object-example">&lt;span class="content">Responses Object Example&lt;/span>&lt;/h5>
  &lt;h5 class="heading" data-level="5.4.8.1" id="fixed-fields">&lt;span class="content">Fixed Fields&lt;/span>&lt;/h5>
  &lt;h5 class="heading" data-level="5.4.22.2" id="patterned-fields">&lt;span class="content">Patterned Fields&lt;/span>&lt;/h5>
  &lt;h5 class="heading" data-level="5.4.23.2" id="security-requirement-object-examples">&lt;span class="content">Security Requirement Object Examples&lt;/span>&lt;/h5>
  &lt;h6 class="heading" data-level="5.4.23.2.1" id="non-oauth2-security-requirement">&lt;span class="content">Non-OAuth2 Security Requirement&lt;/span>&lt;/h6>
  &lt;h4 class="heading" data-level="5.4.3" id="info-object">&lt;span class="content">&lt;a id="infoObject">Info Object&lt;/a>&lt;/span>&lt;/h4>
  &lt;h5 class="heading" data-level="5.4.7.2" id="patterned-fields">&lt;span class="content">Patterned Fields&lt;/span>&lt;/h5>
  &lt;h4 class="heading" data-level="5.4.19" id="parameters-definitions-object">&lt;span class="content">&lt;a id="parametersDefinitionsObject">Parameters Definitions Object&lt;/a>&lt;/span>&lt;/h4>
  &lt;h5 class="heading" data-level="5.4.6.2" id="paths-object-example">&lt;span class="content">Paths Object Example&lt;/span>&lt;/h5>
  &lt;h5 class="heading" data-level="5.4.5.2" id="patterned-objects">&lt;span class="content">Patterned Objects&lt;/span>&lt;/h5>
  &lt;h5 class="heading" data-level="5.4.15.2" id="header-object-example">&lt;span class="content">Header Object Example&lt;/span>&lt;/h5>
  &lt;h5 class="heading" data-level="5.4.22.5" id="patterned-fields">&lt;span class="content">Patterned Fields&lt;/span>&lt;/h5>
  &lt;h6 class="heading" data-level="5.4.18.3.6" id="models-with-polymorphism-support">&lt;span class="content">Models with Polymorphism Support&lt;/span>&lt;/h6>
  &lt;h6 class="heading" data-level="5.4.18.2.2" id="xml-modeling">&lt;span class="content">XML Modeling&lt;/span>&lt;/h6>
  &lt;h5 class="heading" data-level="5.4.18.9" id="patterned-fields">&lt;span class="content">Patterned Fields&lt;/span>&lt;/h5>
  &lt;h5 class="heading" data-level="5.4.21.2" id="security-definitions-object-example">&lt;span class="content">Security Definitions Object Example&lt;/span>&lt;/h5>
  &lt;h6 class="heading" data-level="5.4.18.3.4" id="model-with-example">&lt;span class="content">Model with Example&lt;/span>&lt;/h6>
  &lt;h5 class="heading" data-level="5.4.11.1" id="fixed-fields">&lt;span class="content">Fixed Fields&lt;/span>&lt;/h5>
  &lt;h3 class="heading" data-level="5.2" id="file-structure">&lt;span class="content">File Structure&lt;/span>&lt;/h3>
  &lt;h5 class="heading" data-level="5.4.16.3" id="tag-object-example">&lt;span class="content">Tag Object Example&lt;/span>&lt;/h5>
  &lt;h4 class="heading" data-level="5.4.16" id="tag-object">&lt;span class="content">&lt;a id="tagObject">Tag Object&lt;/a>&lt;/span>&lt;/h4>
  &lt;h6 class="heading" data-level="5.4.18.7.3" id="xml-attribute-prefix-and-namespace">&lt;span class="content">XML Attribute, Prefix and Namespace&lt;/span>&lt;/h6>
  &lt;h5 class="heading" data-level="5.4.19.1" id="patterned-fields">&lt;span class="content">Patterned Fields&lt;/span>&lt;/h5>
  &lt;h5 class="heading" data-level="5.4.18.3" id="schema-object-examples">&lt;span class="content">Schema Object Examples&lt;/span>&lt;/h5>
  &lt;h4 class="heading" data-level="5.4.4" id="contact-object">&lt;span class="content">&lt;a id="contactObject">Contact Object&lt;/a>&lt;/span>&lt;/h4>
  &lt;h5 class="heading" data-level="5.4.14.2" id="example-object-example">&lt;span class="content">Example Object Example&lt;/span>&lt;/h5>
  &lt;h5 class="heading" data-level="5.4.9.2" id="patterned-objects">&lt;span class="content">Patterned Objects&lt;/span>&lt;/h5>
  &lt;h5 class="heading" data-level="5.4.23.4" id="security-filtering">&lt;span class="content">&lt;a id="securityFiltering">Security Filtering&lt;/a>&lt;/span>&lt;/h5>
  &lt;h6 class="heading" data-level="5.4.18.3.1" id="primitive-sample">&lt;span class="content">Primitive Sample&lt;/span>&lt;/h6>
  &lt;h6 class="heading" data-level="5.4.23.2.2" id="oauth2-security-requirement">&lt;span class="content">OAuth2 Security Requirement&lt;/span>&lt;/h6>
  &lt;h4 class="heading" data-level="5.4.12" id="response-object">&lt;span class="content">&lt;a id="responseObject">Response Object&lt;/a>&lt;/span>&lt;/h4>
  &lt;h5 class="heading" data-level="5.4.4.1" id="fixed-fields">&lt;span class="content">Fixed Fields&lt;/span>&lt;/h5>
  &lt;h3 class="heading" data-level="5.3" id="data-types">&lt;span class="content">Data Types&lt;/span>&lt;/h3>
  &lt;h5 class="heading" data-level="5.4.16.1" id="fixed-fields">&lt;span class="content">Fixed Fields&lt;/span>&lt;/h5>
  &lt;h2 class="heading" data-level="4" id="definitions">&lt;span class="content">Definitions&lt;/span>&lt;/h2>
  &lt;h5 class="heading" data-level="5.4.10.1" id="fixed-fields">&lt;span class="content">Fixed Fields&lt;/span>&lt;/h5>
  &lt;h6 class="heading" data-level="5.4.18.3.5" id="models-with-composition">&lt;span class="content">Models with Composition&lt;/span>&lt;/h6>
  &lt;h3 class="heading" data-level="4.1" id="path-templating">&lt;span class="content">&lt;a id="pathTemplating">&lt;dfn>Path Templating&lt;/dfn>&lt;/a>&lt;/span>&lt;/h3>
  &lt;h5 class="heading" data-level="5.4.12.1" id="fixed-fields">&lt;span class="content">Fixed Fields&lt;/span>&lt;/h5>
  &lt;h4 class="heading" data-level="5.4.15" id="header-object">&lt;span class="content">&lt;a id="headerObject">Header Object&lt;/a>&lt;/span>&lt;/h4>
  &lt;h4 class="heading" data-level="5.4.21" id="security-definitions-object">&lt;span class="content">&lt;a id="securityDefinitionsObject">Security Definitions Object&lt;/a>&lt;/span>&lt;/h4>
  &lt;h6 class="heading" data-level="5.4.18.3.3" id="model-with-map-dictionary-properties">&lt;span class="content">Model with Map/Dictionary Properties&lt;/span>&lt;/h6>
  &lt;h5 class="heading" data-level="5.4.18.5" id="fixed-fields">&lt;span class="content">Fixed Fields&lt;/span>&lt;/h5>
  &lt;h5 class="heading" data-level="5.4.20.1" id="patterned-fields">&lt;span class="content">Patterned Fields&lt;/span>&lt;/h5>
  &lt;h3 class="heading" data-level="4.2" id="mime-types">&lt;span class="content">&lt;a id="mimeTypes">&lt;dfn>Mime Types&lt;/dfn>&lt;/a>&lt;/span>&lt;/h3>
  &lt;h5 class="heading" data-level="5.4.7.3" id="path-item-object-example">&lt;span class="content">Path Item Object Example&lt;/span>&lt;/h5>
  &lt;h6 class="heading" data-level="5.4.18.7.2" id="xml-name-replacement">&lt;span class="content">XML Name Replacement&lt;/span>&lt;/h6>
  &lt;h5 class="heading" data-level="5.4.5.3" id="license-object-example">&lt;span class="content">License Object Example:&lt;/span>&lt;/h5>
  &lt;h5 class="heading" data-level="5.4.22.3" id="security-scheme-object-example">&lt;span class="content">Security Scheme Object Example&lt;/span>&lt;/h5>
  &lt;h5 class="heading" data-level="5.4.22.6" id="patterned-objects">&lt;span class="content">Patterned Objects&lt;/span>&lt;/h5>
  &lt;h5 class="heading" data-level="5.4.18.6" id="patterned-objects">&lt;span class="content">Patterned Objects&lt;/span>&lt;/h5>
  &lt;h6 class="heading" data-level="5.4.22.3.1" id="basic-authentication-sample">&lt;span class="content">Basic Authentication Sample&lt;/span>&lt;/h6>
  &lt;h4 class="heading" data-level="5.4.17" id="reference-object">&lt;span class="content">&lt;a id="referenceObject">Reference Object&lt;/a>&lt;/span>&lt;/h4>
  &lt;h3 class="heading" data-level="4.3" id="http-status-codes">&lt;span class="content">&lt;a id="httpCodes">&lt;dfn>HTTP Status Codes&lt;/dfn>&lt;/a>&lt;/span>&lt;/h3>
  &lt;h6 class="heading" data-level="5.4.18.7.4" id="xml-arrays">&lt;span class="content">XML Arrays&lt;/span>&lt;/h6>
  &lt;h5 class="heading" data-level="5.4.8.3" id="operation-object-example">&lt;span class="content">Operation Object Example&lt;/span>&lt;/h5>
  &lt;h5 class="heading" data-level="5.4.19.2" id="parameters-definition-object-example">&lt;span class="content">Parameters Definition Object Example&lt;/span>&lt;/h5>
  &lt;h5 class="heading" data-level="5.4.9.3" id="external-documentation-object-example">&lt;span class="content">External Documentation Object Example&lt;/span>&lt;/h5>
  &lt;h2 class="heading" data-level="5" id="specification">&lt;span class="content">Specification&lt;/span>&lt;/h2>
\033[1;96mWARNING:\033[0m Multiple elements have the same ID 'patterned-objects'.
Deduping, but this ID may not be stable across revisions.
\033[1;96mWARNING:\033[0m Multiple elements have the same ID 'patterned-fields'.
Deduping, but this ID may not be stable across revisions.
\033[1;96mWARNING:\033[0m Multiple elements have the same ID 'itemsMaximum'.
Deduping, but this ID may not be stable across revisions.
\033[1;96mWARNING:\033[0m Multiple elements have the same ID 'headerMaximum'.
Deduping, but this ID may not be stable across revisions.
\033[1;96mWARNING:\033[0m Multiple elements have the same ID 'fixed-fields'.
Deduping, but this ID may not be stable across revisions.
\033[1;96mWARNING:\033[0m Multiple elements have the same ID 'path-templating'.
Deduping, but this ID may not be stable across revisions.
\033[1;96mWARNING:\033[0m Multiple elements have the same ID 'http-status-codes'.
Deduping, but this ID may not be stable across revisions.
\033[1;96mWARNING:\033[0m Multiple elements have the same ID 'mime-types'.
Deduping, but this ID may not be stable across revisions.
\033[1;33mLINK ERROR:\033[0m No 'dfn' refs found for ' '.
&lt;a id="dataTypeFormat" data-link-type="dfn" data-lt=" "> &lt;/a>
\033[1;33mLINK ERROR:\033[0m No 'dfn' refs found for 'swagger object'.
&lt;a id="swaggerObject" data-link-type="dfn" data-lt="Swagger Object">Swagger Object&lt;/a>
\033[1;33mLINK ERROR:\033[0m No 'dfn' refs found for ' '.
&lt;a id="swaggerSwagger" data-link-type="dfn" data-lt=" "> &lt;/a>
\033[1;33mLINK ERROR:\033[0m No 'dfn' refs found for ' '.
&lt;a id="swaggerInfo" data-link-type="dfn" data-lt=" "> &lt;/a>
\033[1;33mLINK ERROR:\033[0m No 'dfn' refs found for ' '.
&lt;a id="swaggerHost" data-link-type="dfn" data-lt=" "> &lt;/a>
\033[1;33mLINK ERROR:\033[0m No 'dfn' refs found for ' '.
&lt;a id="swaggerBasePath" data-link-type="dfn" data-lt=" "> &lt;/a>
\033[1;33mLINK ERROR:\033[0m No 'dfn' refs found for ' '.
&lt;a id="swaggerSchemes" data-link-type="dfn" data-lt=" "> &lt;/a>
\033[1;33mLINK ERROR:\033[0m No 'dfn' refs found for ' '.
&lt;a id="swaggerConsumes" data-link-type="dfn" data-lt=" "> &lt;/a>
\033[1;33mLINK ERROR:\033[0m No 'dfn' refs found for ' '.
&lt;a id="swaggerProduces" data-link-type="dfn" data-lt=" "> &lt;/a>
\033[1;33mLINK ERROR:\033[0m No 'dfn' refs found for ' '.
&lt;a id="swaggerPaths" data-link-type="dfn" data-lt=" "> &lt;/a>
\033[1;33mLINK ERROR:\033[0m No 'dfn' refs found for ' '.
&lt;a id="swaggerDefinitions" data-link-type="dfn" data-lt=" "> &lt;/a>
\033[1;33mLINK ERROR:\033[0m No 'dfn' refs found for ' '.
&lt;a id="swaggerParameters" data-link-type="dfn" data-lt=" "> &lt;/a>
\033[1;33mLINK ERROR:\033[0m No 'dfn' refs found for ' '.
&lt;a id="swaggerResponses" data-link-type="dfn" data-lt=" "> &lt;/a>
\033[1;33mLINK ERROR:\033[0m No 'dfn' refs found for ' '.
&lt;a id="swaggerSecurityDefinitions" data-link-type="dfn" data-lt=" "> &lt;/a>
\033[1;33mLINK ERROR:\033[0m No 'dfn' refs found for ' '.
&lt;a id="swaggerSecurity" data-link-type="dfn" data-lt=" "> &lt;/a>
\033[1;33mLINK ERROR:\033[0m No 'dfn' refs found for ' '.
&lt;a id="swaggerTags" data-link-type="dfn" data-lt=" "> &lt;/a>
\033[1;33mLINK ERROR:\033[0m No 'dfn' refs found for ' '.
&lt;a id="swaggerExternalDocs" data-link-type="dfn" data-lt=" "> &lt;/a>
\033[1;33mLINK ERROR:\033[0m No 'dfn' refs found for ' '.
&lt;a id="swaggerExtensions" data-link-type="dfn" data-lt=" "> &lt;/a>
\033[1;33mLINK ERROR:\033[0m No 'dfn' refs found for 'info object'.
&lt;a id="infoObject" data-link-type="dfn" data-lt="Info Object">Info Object&lt;/a>
\033[1;33mLINK ERROR:\033[0m No 'dfn' refs found for ' '.
&lt;a id="infoTitle" data-link-type="dfn" data-lt=" "> &lt;/a>
\033[1;33mLINK ERROR:\033[0m No 'dfn' refs found for ' '.
&lt;a id="infoDescription" data-link-type="dfn" data-lt=" "> &lt;/a>
\033[1;33mLINK ERROR:\033[0m No 'dfn' refs found for ' '.
&lt;a id="infoTermsOfService" data-link-type="dfn" data-lt=" "> &lt;/a>
\033[1;33mLINK ERROR:\033[0m No 'dfn' refs found for ' '.
&lt;a id="infoContact" data-link-type="dfn" data-lt=" "> &lt;/a>
\033[1;33mLINK ERROR:\033[0m No 'dfn' refs found for ' '.
&lt;a id="infoLicense" data-link-type="dfn" data-lt=" "> &lt;/a>
\033[1;33mLINK ERROR:\033[0m No 'dfn' refs found for ' '.
&lt;a id="infoVersion" data-link-type="dfn" data-lt=" "> &lt;/a>
\033[1;33mLINK ERROR:\033[0m No 'dfn' refs found for ' '.
&lt;a id="infoExtensions" data-link-type="dfn" data-lt=" "> &lt;/a>
\033[1;33mLINK ERROR:\033[0m No 'dfn' refs found for 'contact object'.
&lt;a id="contactObject" data-link-type="dfn" data-lt="Contact Object">Contact Object&lt;/a>
\033[1;33mLINK ERROR:\033[0m No 'dfn' refs found for ' '.
&lt;a id="contactName" data-link-type="dfn" data-lt=" "> &lt;/a>
\033[1;33mLINK ERROR:\033[0m No 'dfn' refs found for ' '.
&lt;a id="contactUrl" data-link-type="dfn" data-lt=" "> &lt;/a>
\033[1;33mLINK ERROR:\033[0m No 'dfn' refs found for ' '.
&lt;a id="contactEmail" data-link-type="dfn" data-lt=" "> &lt;/a>
\033[1;33mLINK ERROR:\033[0m No 'dfn' refs found for ' '.
&lt;a id="contactExtensions" data-link-type="dfn" data-lt=" "> &lt;/a>
\033[1;33mLINK ERROR:\033[0m No 'dfn' refs found for 'license object'.
&lt;a id="licenseObject" data-link-type="dfn" data-lt="License Object">License Object&lt;/a>
\033[1;33mLINK ERROR:\033[0m No 'dfn' refs found for ' '.
&lt;a id="licenseName" data-link-type="dfn" data-lt=" "> &lt;/a>
\033[1;33mLINK ERROR:\033[0m No 'dfn' refs found for ' '.
&lt;a id="licenseUrl" data-link-type="dfn" data-lt=" "> &lt;/a>
\033[1;33mLINK ERROR:\033[0m No 'dfn' refs found for ' '.
&lt;a id="licenseExtensions" data-link-type="dfn" data-lt=" "> &lt;/a>
\033[1;33mLINK ERROR:\033[0m No 'dfn' refs found for 'paths object'.
&lt;a id="pathsObject" data-link-type="dfn" data-lt="Paths Object">Paths Object&lt;/a>
\033[1;33mLINK ERROR:\033[0m No 'dfn' refs found for ' '.
&lt;a id="pathsPath" data-link-type="dfn" data-lt=" "> &lt;/a>
\033[1;33mLINK ERROR:\033[0m No 'dfn' refs found for ' '.
&lt;a id="pathsExtensions" data-link-type="dfn" data-lt=" "> &lt;/a>
\033[1;33mLINK ERROR:\033[0m No 'dfn' refs found for 'path item object'.
&lt;a id="pathItemObject" data-link-type="dfn" data-lt="Path Item Object">Path Item Object&lt;/a>
\033[1;33mLINK ERROR:\033[0m No 'dfn' refs found for ' '.
&lt;a id="pathItemRef" data-link-type="dfn" data-lt=" "> &lt;/a>
\033[1;33mLINK ERROR:\033[0m No 'dfn' refs found for ' '.
&lt;a id="pathItemGet" data-link-type="dfn" data-lt=" "> &lt;/a>
\033[1;33mLINK ERROR:\033[0m No 'dfn' refs found for ' '.
&lt;a id="pathItemPut" data-link-type="dfn" data-lt=" "> &lt;/a>
\033[1;33mLINK ERROR:\033[0m No 'dfn' refs found for ' '.
&lt;a id="pathItemPost" data-link-type="dfn" data-lt=" "> &lt;/a>
\033[1;33mLINK ERROR:\033[0m No 'dfn' refs found for ' '.
&lt;a id="pathItemDelete" data-link-type="dfn" data-lt=" "> &lt;/a>
\033[1;33mLINK ERROR:\033[0m No 'dfn' refs found for ' '.
&lt;a id="pathItemOptions" data-link-type="dfn" data-lt=" "> &lt;/a>
\033[1;33mLINK ERROR:\033[0m No 'dfn' refs found for ' '.
&lt;a id="pathItemHead" data-link-type="dfn" data-lt=" "> &lt;/a>
\033[1;33mLINK ERROR:\033[0m No 'dfn' refs found for ' '.
&lt;a id="pathItemPatch" data-link-type="dfn" data-lt=" "> &lt;/a>
\033[1;33mLINK ERROR:\033[0m No 'dfn' refs found for ' '.
&lt;a id="pathItemParameters" data-link-type="dfn" data-lt=" "> &lt;/a>
\033[1;33mLINK ERROR:\033[0m No 'dfn' refs found for ' '.
&lt;a id="pathItemExtensions" data-link-type="dfn" data-lt=" "> &lt;/a>
\033[1;33mLINK ERROR:\033[0m No 'dfn' refs found for 'operation object'.
&lt;a id="operationObject" data-link-type="dfn" data-lt="Operation Object">Operation Object&lt;/a>
\033[1;33mLINK ERROR:\033[0m No 'dfn' refs found for ' '.
&lt;a id="operationTags" data-link-type="dfn" data-lt=" "> &lt;/a>
\033[1;33mLINK ERROR:\033[0m No 'dfn' refs found for ' '.
&lt;a id="operationSummary" data-link-type="dfn" data-lt=" "> &lt;/a>
\033[1;33mLINK ERROR:\033[0m No 'dfn' refs found for ' '.
&lt;a id="operationDescription" data-link-type="dfn" data-lt=" "> &lt;/a>
\033[1;33mLINK ERROR:\033[0m No 'dfn' refs found for ' '.
&lt;a id="operationExternalDocs" data-link-type="dfn" data-lt=" "> &lt;/a>
\033[1;33mLINK ERROR:\033[0m No 'dfn' refs found for ' '.
&lt;a id="operationId" data-link-type="dfn" data-lt=" "> &lt;/a>
\033[1;33mLINK ERROR:\033[0m No 'dfn' refs found for ' '.
&lt;a id="operationConsumes" data-link-type="dfn" data-lt=" "> &lt;/a>
\033[1;33mLINK ERROR:\033[0m No 'dfn' refs found for ' '.
&lt;a id="operationProduces" data-link-type="dfn" data-lt=" "> &lt;/a>
\033[1;33mLINK ERROR:\033[0m No 'dfn' refs found for ' '.
&lt;a id="operationParameters" data-link-type="dfn" data-lt=" "> &lt;/a>
\033[1;33mLINK ERROR:\033[0m No 'dfn' refs found for ' '.
&lt;a id="operationResponses" data-link-type="dfn" data-lt=" "> &lt;/a>
\033[1;33mLINK ERROR:\033[0m No 'dfn' refs found for ' '.
&lt;a id="operationSchemes" data-link-type="dfn" data-lt=" "> &lt;/a>
\033[1;33mLINK ERROR:\033[0m No 'dfn' refs found for ' '.
&lt;a id="operationDeprecated" data-link-type="dfn" data-lt=" "> &lt;/a>
\033[1;33mLINK ERROR:\033[0m No 'dfn' refs found for ' '.
&lt;a id="operationSecurity" data-link-type="dfn" data-lt=" "> &lt;/a>
\033[1;33mLINK ERROR:\033[0m No 'dfn' refs found for ' '.
&lt;a id="operationExtensions" data-link-type="dfn" data-lt=" "> &lt;/a>
\033[1;33mLINK ERROR:\033[0m No 'dfn' refs found for 'external documentation object'.
&lt;a id="externalDocumentationObject" data-link-type="dfn" data-lt="External Documentation Object">External Documentation Object&lt;/a>
\033[1;33mLINK ERROR:\033[0m No 'dfn' refs found for ' '.
&lt;a id="externalDocDescription" data-link-type="dfn" data-lt=" "> &lt;/a>
\033[1;33mLINK ERROR:\033[0m No 'dfn' refs found for ' '.
&lt;a id="externalDocUrl" data-link-type="dfn" data-lt=" "> &lt;/a>
\033[1;33mLINK ERROR:\033[0m No 'dfn' refs found for ' '.
&lt;a id="externalDocExtensions" data-link-type="dfn" data-lt=" "> &lt;/a>
\033[1;33mLINK ERROR:\033[0m No 'dfn' refs found for 'parameter object'.
&lt;a id="parameterObject" data-link-type="dfn" data-lt="Parameter Object">Parameter Object&lt;/a>
\033[1;33mLINK ERROR:\033[0m No 'dfn' refs found for ' '.
&lt;a id="parameterName" data-link-type="dfn" data-lt=" "> &lt;/a>
\033[1;33mLINK ERROR:\033[0m No 'dfn' refs found for ' '.
&lt;a id="parameterIn" data-link-type="dfn" data-lt=" "> &lt;/a>
\033[1;33mLINK ERROR:\033[0m No 'dfn' refs found for ' '.
&lt;a id="parameterDescription" data-link-type="dfn" data-lt=" "> &lt;/a>
\033[1;33mLINK ERROR:\033[0m No 'dfn' refs found for ' '.
&lt;a id="parameterRequired" data-link-type="dfn" data-lt=" "> &lt;/a>
\033[1;33mLINK ERROR:\033[0m No 'dfn' refs found for ' '.
&lt;a id="parameterSchema" data-link-type="dfn" data-lt=" "> &lt;/a>
\033[1;33mLINK ERROR:\033[0m No 'dfn' refs found for ' '.
&lt;a id="parameterType" data-link-type="dfn" data-lt=" "> &lt;/a>
\033[1;33mLINK ERROR:\033[0m No 'dfn' refs found for ' '.
&lt;a id="parameterFormat" data-link-type="dfn" data-lt=" "> &lt;/a>
\033[1;33mLINK ERROR:\033[0m No 'dfn' refs found for 'allowemptyvalue'.
&lt;a name="parameterAllowEmptyValue" data-link-type="dfn" data-lt="allowEmptyValue">allowEmptyValue&lt;/a>
\033[1;33mLINK ERROR:\033[0m No 'dfn' refs found for ' '.
&lt;a id="parameterItems" data-link-type="dfn" data-lt=" "> &lt;/a>
\033[1;33mLINK ERROR:\033[0m No 'dfn' refs found for ' '.
&lt;a id="parameterCollectionFormat" data-link-type="dfn" data-lt=" "> &lt;/a>
\033[1;33mLINK ERROR:\033[0m No 'dfn' refs found for ' '.
&lt;a id="parameterDefault" data-link-type="dfn" data-lt=" "> &lt;/a>
\033[1;33mLINK ERROR:\033[0m No 'dfn' refs found for ' '.
&lt;a id="parameterMaximum" data-link-type="dfn" data-lt=" "> &lt;/a>
\033[1;33mLINK ERROR:\033[0m No 'dfn' refs found for ' '.
&lt;a id="parameterExclusiveMaximum" data-link-type="dfn" data-lt=" "> &lt;/a>
\033[1;33mLINK ERROR:\033[0m No 'dfn' refs found for ' '.
&lt;a id="parameterMinimum" data-link-type="dfn" data-lt=" "> &lt;/a>
\033[1;33mLINK ERROR:\033[0m No 'dfn' refs found for ' '.
&lt;a id="parameterExclusiveMinimum" data-link-type="dfn" data-lt=" "> &lt;/a>
\033[1;33mLINK ERROR:\033[0m No 'dfn' refs found for ' '.
&lt;a id="parameterMaxLength" data-link-type="dfn" data-lt=" "> &lt;/a>
\033[1;33mLINK ERROR:\033[0m No 'dfn' refs found for ' '.
&lt;a id="parameterMinLength" data-link-type="dfn" data-lt=" "> &lt;/a>
\033[1;33mLINK ERROR:\033[0m No 'dfn' refs found for ' '.
&lt;a id="parameterPattern" data-link-type="dfn" data-lt=" "> &lt;/a>
\033[1;33mLINK ERROR:\033[0m No 'dfn' refs found for ' '.
&lt;a id="parameterMaxItems" data-link-type="dfn" data-lt=" "> &lt;/a>
\033[1;33mLINK ERROR:\033[0m No 'dfn' refs found for ' '.
&lt;a id="parameterMinItems" data-link-type="dfn" data-lt=" "> &lt;/a>
\033[1;33mLINK ERROR:\033[0m No 'dfn' refs found for ' '.
&lt;a id="parameterUniqueItems" data-link-type="dfn" data-lt=" "> &lt;/a>
\033[1;33mLINK ERROR:\033[0m No 'dfn' refs found for ' '.
&lt;a id="parameterEnum" data-link-type="dfn" data-lt=" "> &lt;/a>
\033[1;33mLINK ERROR:\033[0m No 'dfn' refs found for ' '.
&lt;a id="parameterMultipleOf" data-link-type="dfn" data-lt=" "> &lt;/a>
\033[1;33mLINK ERROR:\033[0m No 'dfn' refs found for ' '.
&lt;a id="parameterExtensions" data-link-type="dfn" data-lt=" "> &lt;/a>
\033[1;33mLINK ERROR:\033[0m No 'dfn' refs found for 'items object'.
&lt;a id="itemsObject" data-link-type="dfn" data-lt="Items Object">Items Object&lt;/a>
\033[1;33mLINK ERROR:\033[0m No 'dfn' refs found for ' '.
&lt;a id="itemsType" data-link-type="dfn" data-lt=" "> &lt;/a>
\033[1;33mLINK ERROR:\033[0m No 'dfn' refs found for ' '.
&lt;a id="itemsFormat" data-link-type="dfn" data-lt=" "> &lt;/a>
\033[1;33mLINK ERROR:\033[0m No 'dfn' refs found for ' '.
&lt;a id="itemsItems" data-link-type="dfn" data-lt=" "> &lt;/a>
\033[1;33mLINK ERROR:\033[0m No 'dfn' refs found for ' '.
&lt;a id="itemsCollectionFormat" data-link-type="dfn" data-lt=" "> &lt;/a>
\033[1;33mLINK ERROR:\033[0m No 'dfn' refs found for ' '.
&lt;a id="itemsDefault" data-link-type="dfn" data-lt=" "> &lt;/a>
\033[1;33mLINK ERROR:\033[0m No 'dfn' refs found for ' '.
&lt;a id="itemsMaximum" data-link-type="dfn" data-lt=" "> &lt;/a>
\033[1;96mWARNING:\033[0m Your console does not understand Unicode.
  Messages may be slightly corrupted.
\033[1;33mLINK ERROR:\033[0m No 'dfn' refs found for ' '.
&lt;a id="itemsMaximum&#9312;" data-link-type="dfn" data-lt=" "> &lt;/a>
\033[1;33mLINK ERROR:\033[0m No 'dfn' refs found for ' '.
&lt;a id="itemsMinimum" data-link-type="dfn" data-lt=" "> &lt;/a>
\033[1;33mLINK ERROR:\033[0m No 'dfn' refs found for ' '.
&lt;a id="itemsExclusiveMinimum" data-link-type="dfn" data-lt=" "> &lt;/a>
\033[1;33mLINK ERROR:\033[0m No 'dfn' refs found for ' '.
&lt;a id="itemsMaxLength" data-link-type="dfn" data-lt=" "> &lt;/a>
\033[1;33mLINK ERROR:\033[0m No 'dfn' refs found for ' '.
&lt;a id="itemsMinLength" data-link-type="dfn" data-lt=" "> &lt;/a>
\033[1;33mLINK ERROR:\033[0m No 'dfn' refs found for ' '.
&lt;a id="itemsPattern" data-link-type="dfn" data-lt=" "> &lt;/a>
\033[1;33mLINK ERROR:\033[0m No 'dfn' refs found for ' '.
&lt;a id="itemsMaxItems" data-link-type="dfn" data-lt=" "> &lt;/a>
\033[1;33mLINK ERROR:\033[0m No 'dfn' refs found for ' '.
&lt;a id="itemsMinItems" data-link-type="dfn" data-lt=" "> &lt;/a>
\033[1;33mLINK ERROR:\033[0m No 'dfn' refs found for ' '.
&lt;a id="itemsUniqueItems" data-link-type="dfn" data-lt=" "> &lt;/a>
\033[1;33mLINK ERROR:\033[0m No 'dfn' refs found for ' '.
&lt;a id="itemsEnum" data-link-type="dfn" data-lt=" "> &lt;/a>
\033[1;33mLINK ERROR:\033[0m No 'dfn' refs found for ' '.
&lt;a id="itemsMultipleOf" data-link-type="dfn" data-lt=" "> &lt;/a>
\033[1;33mLINK ERROR:\033[0m No 'dfn' refs found for ' '.
&lt;a id="itemsExtensions" data-link-type="dfn" data-lt=" "> &lt;/a>
\033[1;33mLINK ERROR:\033[0m No 'dfn' refs found for 'responses object'.
&lt;a id="responsesObject" data-link-type="dfn" data-lt="Responses Object">Responses Object&lt;/a>
\033[1;33mLINK ERROR:\033[0m No 'dfn' refs found for ' '.
&lt;a id="responsesDefault" data-link-type="dfn" data-lt=" "> &lt;/a>
\033[1;33mLINK ERROR:\033[0m No 'dfn' refs found for ' '.
&lt;a id="responsesCode" data-link-type="dfn" data-lt=" "> &lt;/a>
\033[1;33mLINK ERROR:\033[0m No 'dfn' refs found for ' '.
&lt;a id="responsesExtensions" data-link-type="dfn" data-lt=" "> &lt;/a>
\033[1;33mLINK ERROR:\033[0m No 'dfn' refs found for 'response object' that are marked for export.
&lt;a id="responseObject" data-link-type="dfn" data-lt="Response Object">Response Object&lt;/a>
\033[1;33mLINK ERROR:\033[0m No 'dfn' refs found for ' '.
&lt;a id="responseDescription" data-link-type="dfn" data-lt=" "> &lt;/a>
\033[1;33mLINK ERROR:\033[0m No 'dfn' refs found for ' '.
&lt;a id="responseSchema" data-link-type="dfn" data-lt=" "> &lt;/a>
\033[1;33mLINK ERROR:\033[0m No 'dfn' refs found for ' '.
&lt;a id="responseHeaders" data-link-type="dfn" data-lt=" "> &lt;/a>
\033[1;33mLINK ERROR:\033[0m No 'dfn' refs found for ' '.
&lt;a id="responseExamples" data-link-type="dfn" data-lt=" "> &lt;/a>
\033[1;33mLINK ERROR:\033[0m No 'dfn' refs found for ' '.
&lt;a id="responseExtensions" data-link-type="dfn" data-lt=" "> &lt;/a>
\033[1;33mLINK ERROR:\033[0m No 'dfn' refs found for 'headers object'.
&lt;a id="headersObject" data-link-type="dfn" data-lt="Headers Object">Headers Object&lt;/a>
\033[1;33mLINK ERROR:\033[0m No 'dfn' refs found for ' '.
&lt;a id="headersName" data-link-type="dfn" data-lt=" "> &lt;/a>
\033[1;33mLINK ERROR:\033[0m No 'dfn' refs found for 'example object'.
&lt;a id="exampleObject" data-link-type="dfn" data-lt="Example Object">Example Object&lt;/a>
\033[1;33mLINK ERROR:\033[0m No 'dfn' refs found for ' '.
&lt;a id="exampleMimeType" data-link-type="dfn" data-lt=" "> &lt;/a>
\033[1;33mLINK ERROR:\033[0m No 'dfn' refs found for 'header object'.
&lt;a id="headerObject" data-link-type="dfn" data-lt="Header Object">Header Object&lt;/a>
\033[1;33mLINK ERROR:\033[0m No 'dfn' refs found for ' '.
&lt;a id="headerDescription" data-link-type="dfn" data-lt=" "> &lt;/a>
\033[1;33mLINK ERROR:\033[0m No 'dfn' refs found for ' '.
&lt;a id="headerType" data-link-type="dfn" data-lt=" "> &lt;/a>
\033[1;33mLINK ERROR:\033[0m No 'dfn' refs found for ' '.
&lt;a id="headerFormat" data-link-type="dfn" data-lt=" "> &lt;/a>
\033[1;33mLINK ERROR:\033[0m No 'dfn' refs found for ' '.
&lt;a id="headerItems" data-link-type="dfn" data-lt=" "> &lt;/a>
\033[1;33mLINK ERROR:\033[0m No 'dfn' refs found for ' '.
&lt;a id="headerCollectionFormat" data-link-type="dfn" data-lt=" "> &lt;/a>
\033[1;33mLINK ERROR:\033[0m No 'dfn' refs found for ' '.
&lt;a id="headerDefault" data-link-type="dfn" data-lt=" "> &lt;/a>
\033[1;33mLINK ERROR:\033[0m No 'dfn' refs found for ' '.
&lt;a id="headerMaximum" data-link-type="dfn" data-lt=" "> &lt;/a>
\033[1;33mLINK ERROR:\033[0m No 'dfn' refs found for ' '.
&lt;a id="headerMaximum&#9312;" data-link-type="dfn" data-lt=" "> &lt;/a>
\033[1;33mLINK ERROR:\033[0m No 'dfn' refs found for ' '.
&lt;a id="headerMinimum" data-link-type="dfn" data-lt=" "> &lt;/a>
\033[1;33mLINK ERROR:\033[0m No 'dfn' refs found for ' '.
&lt;a id="headerExclusiveMinimum" data-link-type="dfn" data-lt=" "> &lt;/a>
\033[1;33mLINK ERROR:\033[0m No 'dfn' refs found for ' '.
&lt;a id="headerMaxLength" data-link-type="dfn" data-lt=" "> &lt;/a>
\033[1;33mLINK ERROR:\033[0m No 'dfn' refs found for ' '.
&lt;a id="headerMinLength" data-link-type="dfn" data-lt=" "> &lt;/a>
\033[1;33mLINK ERROR:\033[0m No 'dfn' refs found for ' '.
&lt;a id="headerPattern" data-link-type="dfn" data-lt=" "> &lt;/a>
\033[1;33mLINK ERROR:\033[0m No 'dfn' refs found for ' '.
&lt;a id="headerMaxItems" data-link-type="dfn" data-lt=" "> &lt;/a>
\033[1;33mLINK ERROR:\033[0m No 'dfn' refs found for ' '.
&lt;a id="headerMinItems" data-link-type="dfn" data-lt=" "> &lt;/a>
\033[1;33mLINK ERROR:\033[0m No 'dfn' refs found for ' '.
&lt;a id="headerUniqueItems" data-link-type="dfn" data-lt=" "> &lt;/a>
\033[1;33mLINK ERROR:\033[0m No 'dfn' refs found for ' '.
&lt;a id="headerEnum" data-link-type="dfn" data-lt=" "> &lt;/a>
\033[1;33mLINK ERROR:\033[0m No 'dfn' refs found for ' '.
&lt;a id="headerMultipleOf" data-link-type="dfn" data-lt=" "> &lt;/a>
\033[1;33mLINK ERROR:\033[0m No 'dfn' refs found for ' '.
&lt;a id="headerExtensions" data-link-type="dfn" data-lt=" "> &lt;/a>
\033[1;33mLINK ERROR:\033[0m No 'dfn' refs found for 'tag object'.
&lt;a id="tagObject" data-link-type="dfn" data-lt="Tag Object">Tag Object&lt;/a>
\033[1;33mLINK ERROR:\033[0m No 'dfn' refs found for ' '.
&lt;a id="tagName" data-link-type="dfn" data-lt=" "> &lt;/a>
\033[1;33mLINK ERROR:\033[0m No 'dfn' refs found for ' '.
&lt;a id="tagDescription" data-link-type="dfn" data-lt=" "> &lt;/a>
\033[1;33mLINK ERROR:\033[0m No 'dfn' refs found for ' '.
&lt;a id="tagExternalDocs" data-link-type="dfn" data-lt=" "> &lt;/a>
\033[1;33mLINK ERROR:\033[0m No 'dfn' refs found for ' '.
&lt;a id="tagExtensions" data-link-type="dfn" data-lt=" "> &lt;/a>
\033[1;33mLINK ERROR:\033[0m No 'dfn' refs found for 'reference object'.
&lt;a id="referenceObject" data-link-type="dfn" data-lt="Reference Object">Reference Object&lt;/a>
\033[1;33mLINK ERROR:\033[0m No 'dfn' refs found for ' '.
&lt;a id="referenceRef" data-link-type="dfn" data-lt=" "> &lt;/a>
\033[1;33mLINK ERROR:\033[0m No 'dfn' refs found for 'schema object'.
&lt;a id="schemaObject" data-link-type="dfn" data-lt="Schema Object">Schema Object&lt;/a>
\033[1;33mLINK ERROR:\033[0m No 'dfn' refs found for ' '.
&lt;a id="schemaDiscriminator" data-link-type="dfn" data-lt=" "> &lt;/a>
\033[1;33mLINK ERROR:\033[0m No 'dfn' refs found for ' '.
&lt;a id="schemaReadOnly" data-link-type="dfn" data-lt=" "> &lt;/a>
\033[1;33mLINK ERROR:\033[0m No 'dfn' refs found for ' '.
&lt;a id="schemaXml" data-link-type="dfn" data-lt=" "> &lt;/a>
\033[1;33mLINK ERROR:\033[0m No 'dfn' refs found for ' '.
&lt;a id="schemaExternalDocs" data-link-type="dfn" data-lt=" "> &lt;/a>
\033[1;33mLINK ERROR:\033[0m No 'dfn' refs found for ' '.
&lt;a id="schemaExample" data-link-type="dfn" data-lt=" "> &lt;/a>
\033[1;33mLINK ERROR:\033[0m No 'dfn' refs found for ' '.
&lt;a id="schemaExtensions" data-link-type="dfn" data-lt=" "> &lt;/a>
\033[1;33mLINK ERROR:\033[0m No 'dfn' refs found for 'xml object'.
&lt;a id="xmlObject" data-link-type="dfn" data-lt="XML Object">XML Object&lt;/a>
\033[1;33mLINK ERROR:\033[0m No 'dfn' refs found for ' '.
&lt;a id="xmlName" data-link-type="dfn" data-lt=" "> &lt;/a>
\033[1;33mLINK ERROR:\033[0m No 'dfn' refs found for ' '.
&lt;a id="xmlNamespace" data-link-type="dfn" data-lt=" "> &lt;/a>
\033[1;33mLINK ERROR:\033[0m No 'dfn' refs found for ' '.
&lt;a id="xmlPrefix" data-link-type="dfn" data-lt=" "> &lt;/a>
\033[1;33mLINK ERROR:\033[0m No 'dfn' refs found for ' '.
&lt;a id="xmlAttribute" data-link-type="dfn" data-lt=" "> &lt;/a>
\033[1;33mLINK ERROR:\033[0m No 'dfn' refs found for ' '.
&lt;a id="xmlWrapped" data-link-type="dfn" data-lt=" "> &lt;/a>
\033[1;33mLINK ERROR:\033[0m No 'dfn' refs found for ' '.
&lt;a id="xmlExtensions" data-link-type="dfn" data-lt=" "> &lt;/a>
\033[1;33mLINK ERROR:\033[0m No 'dfn' refs found for 'definitions object'.
&lt;a id="definitionsObject" data-link-type="dfn" data-lt="Definitions Object">Definitions Object&lt;/a>
\033[1;33mLINK ERROR:\033[0m No 'dfn' refs found for ' '.
&lt;a id="definitionsName" data-link-type="dfn" data-lt=" "> &lt;/a>
\033[1;33mLINK ERROR:\033[0m No 'dfn' refs found for 'parameters definitions object'.
&lt;a id="parametersDefinitionsObject" data-link-type="dfn" data-lt="Parameters Definitions Object">Parameters Definitions Object&lt;/a>
\033[1;33mLINK ERROR:\033[0m No 'dfn' refs found for ' '.
&lt;a id="pdName" data-link-type="dfn" data-lt=" "> &lt;/a>
\033[1;33mLINK ERROR:\033[0m No 'dfn' refs found for 'responses definitions object'.
&lt;a id="responsesDefinitionsObject" data-link-type="dfn" data-lt="Responses Definitions Object">Responses Definitions Object&lt;/a>
\033[1;33mLINK ERROR:\033[0m No 'dfn' refs found for ' '.
&lt;a id="rdName" data-link-type="dfn" data-lt=" "> &lt;/a>
\033[1;33mLINK ERROR:\033[0m No 'dfn' refs found for 'security definitions object'.
&lt;a id="securityDefinitionsObject" data-link-type="dfn" data-lt="Security Definitions Object">Security Definitions Object&lt;/a>
\033[1;33mLINK ERROR:\033[0m No 'dfn' refs found for ' '.
&lt;a id="sdName" data-link-type="dfn" data-lt=" "> &lt;/a>
\033[1;33mLINK ERROR:\033[0m No 'dfn' refs found for 'security scheme object'.
&lt;a id="securitySchemeObject" data-link-type="dfn" data-lt="Security Scheme Object">Security Scheme Object&lt;/a>
\033[1;33mLINK ERROR:\033[0m No 'dfn' refs found for ' '.
&lt;a id="securitySchemeType" data-link-type="dfn" data-lt=" "> &lt;/a>
\033[1;33mLINK ERROR:\033[0m No 'dfn' refs found for ' '.
&lt;a id="securitySchemeDescription" data-link-type="dfn" data-lt=" "> &lt;/a>
\033[1;33mLINK ERROR:\033[0m No 'dfn' refs found for ' '.
&lt;a id="securitySchemeName" data-link-type="dfn" data-lt=" "> &lt;/a>
\033[1;33mLINK ERROR:\033[0m No 'dfn' refs found for ' '.
&lt;a id="securitySchemeIn" data-link-type="dfn" data-lt=" "> &lt;/a>
\033[1;33mLINK ERROR:\033[0m No 'dfn' refs found for ' '.
&lt;a id="securitySchemeFlow" data-link-type="dfn" data-lt=" "> &lt;/a>
\033[1;33mLINK ERROR:\033[0m No 'dfn' refs found for ' '.
&lt;a id="securitySchemeAuthorizationUrl" data-link-type="dfn" data-lt=" "> &lt;/a>
\033[1;33mLINK ERROR:\033[0m No 'dfn' refs found for ' '.
&lt;a id="securitySchemeTokenUrl" data-link-type="dfn" data-lt=" "> &lt;/a>
\033[1;33mLINK ERROR:\033[0m No 'dfn' refs found for ' '.
&lt;a id="securitySchemeScopes" data-link-type="dfn" data-lt=" "> &lt;/a>
\033[1;33mLINK ERROR:\033[0m No 'dfn' refs found for ' '.
&lt;a id="securitySchemeExtensions" data-link-type="dfn" data-lt=" "> &lt;/a>
\033[1;33mLINK ERROR:\033[0m No 'dfn' refs found for 'scopes object'.
&lt;a id="scopesObject" data-link-type="dfn" data-lt="Scopes Object">Scopes Object&lt;/a>
\033[1;33mLINK ERROR:\033[0m No 'dfn' refs found for ' '.
&lt;a id="scopesName" data-link-type="dfn" data-lt=" "> &lt;/a>
\033[1;33mLINK ERROR:\033[0m No 'dfn' refs found for ' '.
&lt;a id="scopesExtensions" data-link-type="dfn" data-lt=" "> &lt;/a>
\033[1;33mLINK ERROR:\033[0m No 'dfn' refs found for 'security requirement object'.
&lt;a id="securityRequirementObject" data-link-type="dfn" data-lt="Security Requirement Object">Security Requirement Object&lt;/a>
\033[1;33mLINK ERROR:\033[0m No 'dfn' refs found for ' '.
&lt;a id="securityRequirementsName" data-link-type="dfn" data-lt=" "> &lt;/a>
\033[1;33mLINK ERROR:\033[0m No 'dfn' refs found for 'specification extensions'.
&lt;a id="vendorExtensions" data-link-type="dfn" data-lt="Specification Extensions">Specification Extensions&lt;/a>
\033[1;33mLINK ERROR:\033[0m No 'dfn' refs found for 'security filtering'.
&lt;a id="securityFiltering" data-link-type="dfn" data-lt="Security Filtering">Security Filtering&lt;/a>
\033[1;96mWARNING:\033[0m This specification has neither a 'Security Considerations' nor a 'Privacy Considerations' section. Please consider adding both, see https://w3ctag.github.io/security-questionnaire/.
\033[1;31mFATAL ERROR:\033[0m Couldn't find target anchor dataTypeType:
&lt;a href="#dataTypeType">&lt;code>type&lt;/code>&lt;/a>
\033[7;31m ✘ \033[0m Did not generate, due to fatal errors